<?xml version="1.0" encoding="UTF-8"?>
<testsuite xmlns:xsi="http://www.w3.org/2001/XMLSchema-instance" xsi:noNamespaceSchemaLocation="https://maven.apache.org/surefire/maven-surefire-plugin/xsd/surefire-test-report.xsd" name="com.zhangyaos.dataannotation.DataAnnotationApplicationTests" time="5.263" tests="1" errors="0" skipped="0" failures="0">
  <properties>
    <property name="sun.desktop" value="windows"/>
    <property name="awt.toolkit" value="sun.awt.windows.WToolkit"/>
    <property name="java.specification.version" value="11"/>
    <property name="sun.cpu.isalist" value="amd64"/>
    <property name="sun.jnu.encoding" value="GBK"/>
    <property name="java.class.path" value="D:\project\data_annotation\dataAnnotation\target\test-classes;D:\project\data_annotation\dataAnnotation\target\classes;D:\tools\repository\org\springframework\boot\spring-boot-starter-web\2.7.15\spring-boot-starter-web-2.7.15.jar;D:\tools\repository\org\springframework\boot\spring-boot-starter\2.7.15\spring-boot-starter-2.7.15.jar;D:\tools\repository\org\springframework\boot\spring-boot\2.7.15\spring-boot-2.7.15.jar;D:\tools\repository\org\springframework\boot\spring-boot-starter-logging\2.7.15\spring-boot-starter-logging-2.7.15.jar;D:\tools\repository\ch\qos\logback\logback-classic\1.2.12\logback-classic-1.2.12.jar;D:\tools\repository\ch\qos\logback\logback-core\1.2.12\logback-core-1.2.12.jar;D:\tools\repository\org\apache\logging\log4j\log4j-to-slf4j\2.17.2\log4j-to-slf4j-2.17.2.jar;D:\tools\repository\org\apache\logging\log4j\log4j-api\2.17.2\log4j-api-2.17.2.jar;D:\tools\repository\org\slf4j\jul-to-slf4j\1.7.36\jul-to-slf4j-1.7.36.jar;D:\tools\repository\jakarta\annotation\jakarta.annotation-api\1.3.5\jakarta.annotation-api-1.3.5.jar;D:\tools\repository\org\yaml\snakeyaml\1.30\snakeyaml-1.30.jar;D:\tools\repository\org\springframework\boot\spring-boot-starter-json\2.7.15\spring-boot-starter-json-2.7.15.jar;D:\tools\repository\com\fasterxml\jackson\core\jackson-databind\2.13.5\jackson-databind-2.13.5.jar;D:\tools\repository\com\fasterxml\jackson\core\jackson-core\2.13.5\jackson-core-2.13.5.jar;D:\tools\repository\com\fasterxml\jackson\datatype\jackson-datatype-jdk8\2.13.5\jackson-datatype-jdk8-2.13.5.jar;D:\tools\repository\com\fasterxml\jackson\datatype\jackson-datatype-jsr310\2.13.5\jackson-datatype-jsr310-2.13.5.jar;D:\tools\repository\com\fasterxml\jackson\module\jackson-module-parameter-names\2.13.5\jackson-module-parameter-names-2.13.5.jar;D:\tools\repository\org\springframework\boot\spring-boot-starter-tomcat\2.7.15\spring-boot-starter-tomcat-2.7.15.jar;D:\tools\repository\org\apache\tomcat\embed\tomcat-embed-core\9.0.79\tomcat-embed-core-9.0.79.jar;D:\tools\repository\org\apache\tomcat\embed\tomcat-embed-el\9.0.79\tomcat-embed-el-9.0.79.jar;D:\tools\repository\org\apache\tomcat\embed\tomcat-embed-websocket\9.0.79\tomcat-embed-websocket-9.0.79.jar;D:\tools\repository\org\springframework\spring-web\5.3.29\spring-web-5.3.29.jar;D:\tools\repository\org\springframework\spring-beans\5.3.29\spring-beans-5.3.29.jar;D:\tools\repository\org\springframework\spring-webmvc\5.3.29\spring-webmvc-5.3.29.jar;D:\tools\repository\org\springframework\spring-aop\5.3.29\spring-aop-5.3.29.jar;D:\tools\repository\org\springframework\spring-context\5.3.29\spring-context-5.3.29.jar;D:\tools\repository\org\springframework\spring-expression\5.3.29\spring-expression-5.3.29.jar;D:\tools\repository\org\mybatis\spring\boot\mybatis-spring-boot-starter\2.3.1\mybatis-spring-boot-starter-2.3.1.jar;D:\tools\repository\org\springframework\boot\spring-boot-starter-jdbc\2.7.15\spring-boot-starter-jdbc-2.7.15.jar;D:\tools\repository\com\zaxxer\HikariCP\4.0.3\HikariCP-4.0.3.jar;D:\tools\repository\org\springframework\spring-jdbc\5.3.29\spring-jdbc-5.3.29.jar;D:\tools\repository\org\springframework\spring-tx\5.3.29\spring-tx-5.3.29.jar;D:\tools\repository\org\mybatis\spring\boot\mybatis-spring-boot-autoconfigure\2.3.1\mybatis-spring-boot-autoconfigure-2.3.1.jar;D:\tools\repository\org\mybatis\mybatis\3.5.13\mybatis-3.5.13.jar;D:\tools\repository\org\mybatis\mybatis-spring\2.1.1\mybatis-spring-2.1.1.jar;D:\tools\repository\com\mysql\mysql-connector-j\8.0.33\mysql-connector-j-8.0.33.jar;D:\tools\repository\org\projectlombok\lombok\1.18.28\lombok-1.18.28.jar;D:\tools\repository\org\springframework\boot\spring-boot-starter-test\2.7.15\spring-boot-starter-test-2.7.15.jar;D:\tools\repository\org\springframework\boot\spring-boot-test\2.7.15\spring-boot-test-2.7.15.jar;D:\tools\repository\org\springframework\boot\spring-boot-test-autoconfigure\2.7.15\spring-boot-test-autoconfigure-2.7.15.jar;D:\tools\repository\com\jayway\jsonpath\json-path\2.7.0\json-path-2.7.0.jar;D:\tools\repository\net\minidev\json-smart\2.4.11\json-smart-2.4.11.jar;D:\tools\repository\net\minidev\accessors-smart\2.4.11\accessors-smart-2.4.11.jar;D:\tools\repository\org\ow2\asm\asm\9.3\asm-9.3.jar;D:\tools\repository\jakarta\xml\bind\jakarta.xml.bind-api\2.3.3\jakarta.xml.bind-api-2.3.3.jar;D:\tools\repository\jakarta\activation\jakarta.activation-api\1.2.2\jakarta.activation-api-1.2.2.jar;D:\tools\repository\org\assertj\assertj-core\3.22.0\assertj-core-3.22.0.jar;D:\tools\repository\org\hamcrest\hamcrest\2.2\hamcrest-2.2.jar;D:\tools\repository\org\junit\jupiter\junit-jupiter\5.8.2\junit-jupiter-5.8.2.jar;D:\tools\repository\org\junit\jupiter\junit-jupiter-api\5.8.2\junit-jupiter-api-5.8.2.jar;D:\tools\repository\org\opentest4j\opentest4j\1.2.0\opentest4j-1.2.0.jar;D:\tools\repository\org\junit\platform\junit-platform-commons\1.8.2\junit-platform-commons-1.8.2.jar;D:\tools\repository\org\apiguardian\apiguardian-api\1.1.2\apiguardian-api-1.1.2.jar;D:\tools\repository\org\junit\jupiter\junit-jupiter-params\5.8.2\junit-jupiter-params-5.8.2.jar;D:\tools\repository\org\junit\jupiter\junit-jupiter-engine\5.8.2\junit-jupiter-engine-5.8.2.jar;D:\tools\repository\org\junit\platform\junit-platform-engine\1.8.2\junit-platform-engine-1.8.2.jar;D:\tools\repository\org\mockito\mockito-core\4.5.1\mockito-core-4.5.1.jar;D:\tools\repository\net\bytebuddy\byte-buddy\1.12.23\byte-buddy-1.12.23.jar;D:\tools\repository\net\bytebuddy\byte-buddy-agent\1.12.23\byte-buddy-agent-1.12.23.jar;D:\tools\repository\org\objenesis\objenesis\3.2\objenesis-3.2.jar;D:\tools\repository\org\mockito\mockito-junit-jupiter\4.5.1\mockito-junit-jupiter-4.5.1.jar;D:\tools\repository\org\skyscreamer\jsonassert\1.5.1\jsonassert-1.5.1.jar;D:\tools\repository\com\vaadin\external\google\android-json\0.0.20131108.vaadin1\android-json-0.0.20131108.vaadin1.jar;D:\tools\repository\org\springframework\spring-core\5.3.29\spring-core-5.3.29.jar;D:\tools\repository\org\springframework\spring-jcl\5.3.29\spring-jcl-5.3.29.jar;D:\tools\repository\org\springframework\spring-test\5.3.29\spring-test-5.3.29.jar;D:\tools\repository\org\xmlunit\xmlunit-core\2.9.1\xmlunit-core-2.9.1.jar;D:\tools\repository\com\baomidou\mybatis-plus-boot-starter\3.4.0\mybatis-plus-boot-starter-3.4.0.jar;D:\tools\repository\com\baomidou\mybatis-plus\3.4.0\mybatis-plus-3.4.0.jar;D:\tools\repository\com\baomidou\mybatis-plus-extension\3.4.0\mybatis-plus-extension-3.4.0.jar;D:\tools\repository\com\baomidou\mybatis-plus-core\3.4.0\mybatis-plus-core-3.4.0.jar;D:\tools\repository\com\baomidou\mybatis-plus-annotation\3.4.0\mybatis-plus-annotation-3.4.0.jar;D:\tools\repository\com\github\jsqlparser\jsqlparser\3.2\jsqlparser-3.2.jar;D:\tools\repository\org\springframework\boot\spring-boot-autoconfigure\2.7.15\spring-boot-autoconfigure-2.7.15.jar;D:\tools\repository\com\alibaba\druid\1.0.11\druid-1.0.11.jar;D:\tools\repository\junit\junit\4.12\junit-4.12.jar;D:\tools\repository\org\hamcrest\hamcrest-core\2.2\hamcrest-core-2.2.jar;D:\tools\repository\io\springfox\springfox-spring-web\2.9.2\springfox-spring-web-2.9.2.jar;D:\tools\repository\com\google\guava\guava\20.0\guava-20.0.jar;D:\tools\repository\com\fasterxml\classmate\1.5.1\classmate-1.5.1.jar;D:\tools\repository\org\slf4j\slf4j-api\1.7.36\slf4j-api-1.7.36.jar;D:\tools\repository\org\springframework\plugin\spring-plugin-core\1.2.0.RELEASE\spring-plugin-core-1.2.0.RELEASE.jar;D:\tools\repository\org\springframework\plugin\spring-plugin-metadata\1.2.0.RELEASE\spring-plugin-metadata-1.2.0.RELEASE.jar;D:\tools\repository\io\springfox\springfox-spi\2.9.2\springfox-spi-2.9.2.jar;D:\tools\repository\io\springfox\springfox-core\2.9.2\springfox-core-2.9.2.jar;D:\tools\repository\io\springfox\springfox-swagger2\2.9.2\springfox-swagger2-2.9.2.jar;D:\tools\repository\io\swagger\swagger-annotations\1.5.20\swagger-annotations-1.5.20.jar;D:\tools\repository\io\swagger\swagger-models\1.5.20\swagger-models-1.5.20.jar;D:\tools\repository\com\fasterxml\jackson\core\jackson-annotations\2.13.5\jackson-annotations-2.13.5.jar;D:\tools\repository\io\springfox\springfox-schema\2.9.2\springfox-schema-2.9.2.jar;D:\tools\repository\io\springfox\springfox-swagger-common\2.9.2\springfox-swagger-common-2.9.2.jar;D:\tools\repository\org\mapstruct\mapstruct\1.2.0.Final\mapstruct-1.2.0.Final.jar;D:\tools\repository\io\springfox\springfox-swagger-ui\2.9.2\springfox-swagger-ui-2.9.2.jar;"/>
    <property name="java.vm.vendor" value="Oracle Corporation"/>
    <property name="sun.arch.data.model" value="64"/>
    <property name="user.variant" value=""/>
    <property name="java.vendor.url" value="https://openjdk.java.net/"/>
    <property name="user.timezone" value="Asia/Shanghai"/>
    <property name="java.vm.specification.version" value="11"/>
    <property name="os.name" value="Windows 11"/>
    <property name="sun.java.launcher" value="SUN_STANDARD"/>
    <property name="user.country" value="CN"/>
    <property name="sun.boot.library.path" value="D:\JAVA\JDK11\bin"/>
    <property name="sun.java.command" value="C:\Users\zyc\AppData\Local\Temp\surefire6021434072780168544\surefirebooter4960189355607728301.jar C:\Users\zyc\AppData\Local\Temp\surefire6021434072780168544 2023-09-28T14-44-41_967-jvmRun1 surefire9469721738707911508tmp surefire_03614859313008798901tmp"/>
    <property name="jdk.debug" value="release"/>
    <property name="surefire.test.class.path" value="D:\project\data_annotation\dataAnnotation\target\test-classes;D:\project\data_annotation\dataAnnotation\target\classes;D:\tools\repository\org\springframework\boot\spring-boot-starter-web\2.7.15\spring-boot-starter-web-2.7.15.jar;D:\tools\repository\org\springframework\boot\spring-boot-starter\2.7.15\spring-boot-starter-2.7.15.jar;D:\tools\repository\org\springframework\boot\spring-boot\2.7.15\spring-boot-2.7.15.jar;D:\tools\repository\org\springframework\boot\spring-boot-starter-logging\2.7.15\spring-boot-starter-logging-2.7.15.jar;D:\tools\repository\ch\qos\logback\logback-classic\1.2.12\logback-classic-1.2.12.jar;D:\tools\repository\ch\qos\logback\logback-core\1.2.12\logback-core-1.2.12.jar;D:\tools\repository\org\apache\logging\log4j\log4j-to-slf4j\2.17.2\log4j-to-slf4j-2.17.2.jar;D:\tools\repository\org\apache\logging\log4j\log4j-api\2.17.2\log4j-api-2.17.2.jar;D:\tools\repository\org\slf4j\jul-to-slf4j\1.7.36\jul-to-slf4j-1.7.36.jar;D:\tools\repository\jakarta\annotation\jakarta.annotation-api\1.3.5\jakarta.annotation-api-1.3.5.jar;D:\tools\repository\org\yaml\snakeyaml\1.30\snakeyaml-1.30.jar;D:\tools\repository\org\springframework\boot\spring-boot-starter-json\2.7.15\spring-boot-starter-json-2.7.15.jar;D:\tools\repository\com\fasterxml\jackson\core\jackson-databind\2.13.5\jackson-databind-2.13.5.jar;D:\tools\repository\com\fasterxml\jackson\core\jackson-core\2.13.5\jackson-core-2.13.5.jar;D:\tools\repository\com\fasterxml\jackson\datatype\jackson-datatype-jdk8\2.13.5\jackson-datatype-jdk8-2.13.5.jar;D:\tools\repository\com\fasterxml\jackson\datatype\jackson-datatype-jsr310\2.13.5\jackson-datatype-jsr310-2.13.5.jar;D:\tools\repository\com\fasterxml\jackson\module\jackson-module-parameter-names\2.13.5\jackson-module-parameter-names-2.13.5.jar;D:\tools\repository\org\springframework\boot\spring-boot-starter-tomcat\2.7.15\spring-boot-starter-tomcat-2.7.15.jar;D:\tools\repository\org\apache\tomcat\embed\tomcat-embed-core\9.0.79\tomcat-embed-core-9.0.79.jar;D:\tools\repository\org\apache\tomcat\embed\tomcat-embed-el\9.0.79\tomcat-embed-el-9.0.79.jar;D:\tools\repository\org\apache\tomcat\embed\tomcat-embed-websocket\9.0.79\tomcat-embed-websocket-9.0.79.jar;D:\tools\repository\org\springframework\spring-web\5.3.29\spring-web-5.3.29.jar;D:\tools\repository\org\springframework\spring-beans\5.3.29\spring-beans-5.3.29.jar;D:\tools\repository\org\springframework\spring-webmvc\5.3.29\spring-webmvc-5.3.29.jar;D:\tools\repository\org\springframework\spring-aop\5.3.29\spring-aop-5.3.29.jar;D:\tools\repository\org\springframework\spring-context\5.3.29\spring-context-5.3.29.jar;D:\tools\repository\org\springframework\spring-expression\5.3.29\spring-expression-5.3.29.jar;D:\tools\repository\org\mybatis\spring\boot\mybatis-spring-boot-starter\2.3.1\mybatis-spring-boot-starter-2.3.1.jar;D:\tools\repository\org\springframework\boot\spring-boot-starter-jdbc\2.7.15\spring-boot-starter-jdbc-2.7.15.jar;D:\tools\repository\com\zaxxer\HikariCP\4.0.3\HikariCP-4.0.3.jar;D:\tools\repository\org\springframework\spring-jdbc\5.3.29\spring-jdbc-5.3.29.jar;D:\tools\repository\org\springframework\spring-tx\5.3.29\spring-tx-5.3.29.jar;D:\tools\repository\org\mybatis\spring\boot\mybatis-spring-boot-autoconfigure\2.3.1\mybatis-spring-boot-autoconfigure-2.3.1.jar;D:\tools\repository\org\mybatis\mybatis\3.5.13\mybatis-3.5.13.jar;D:\tools\repository\org\mybatis\mybatis-spring\2.1.1\mybatis-spring-2.1.1.jar;D:\tools\repository\com\mysql\mysql-connector-j\8.0.33\mysql-connector-j-8.0.33.jar;D:\tools\repository\org\projectlombok\lombok\1.18.28\lombok-1.18.28.jar;D:\tools\repository\org\springframework\boot\spring-boot-starter-test\2.7.15\spring-boot-starter-test-2.7.15.jar;D:\tools\repository\org\springframework\boot\spring-boot-test\2.7.15\spring-boot-test-2.7.15.jar;D:\tools\repository\org\springframework\boot\spring-boot-test-autoconfigure\2.7.15\spring-boot-test-autoconfigure-2.7.15.jar;D:\tools\repository\com\jayway\jsonpath\json-path\2.7.0\json-path-2.7.0.jar;D:\tools\repository\net\minidev\json-smart\2.4.11\json-smart-2.4.11.jar;D:\tools\repository\net\minidev\accessors-smart\2.4.11\accessors-smart-2.4.11.jar;D:\tools\repository\org\ow2\asm\asm\9.3\asm-9.3.jar;D:\tools\repository\jakarta\xml\bind\jakarta.xml.bind-api\2.3.3\jakarta.xml.bind-api-2.3.3.jar;D:\tools\repository\jakarta\activation\jakarta.activation-api\1.2.2\jakarta.activation-api-1.2.2.jar;D:\tools\repository\org\assertj\assertj-core\3.22.0\assertj-core-3.22.0.jar;D:\tools\repository\org\hamcrest\hamcrest\2.2\hamcrest-2.2.jar;D:\tools\repository\org\junit\jupiter\junit-jupiter\5.8.2\junit-jupiter-5.8.2.jar;D:\tools\repository\org\junit\jupiter\junit-jupiter-api\5.8.2\junit-jupiter-api-5.8.2.jar;D:\tools\repository\org\opentest4j\opentest4j\1.2.0\opentest4j-1.2.0.jar;D:\tools\repository\org\junit\platform\junit-platform-commons\1.8.2\junit-platform-commons-1.8.2.jar;D:\tools\repository\org\apiguardian\apiguardian-api\1.1.2\apiguardian-api-1.1.2.jar;D:\tools\repository\org\junit\jupiter\junit-jupiter-params\5.8.2\junit-jupiter-params-5.8.2.jar;D:\tools\repository\org\junit\jupiter\junit-jupiter-engine\5.8.2\junit-jupiter-engine-5.8.2.jar;D:\tools\repository\org\junit\platform\junit-platform-engine\1.8.2\junit-platform-engine-1.8.2.jar;D:\tools\repository\org\mockito\mockito-core\4.5.1\mockito-core-4.5.1.jar;D:\tools\repository\net\bytebuddy\byte-buddy\1.12.23\byte-buddy-1.12.23.jar;D:\tools\repository\net\bytebuddy\byte-buddy-agent\1.12.23\byte-buddy-agent-1.12.23.jar;D:\tools\repository\org\objenesis\objenesis\3.2\objenesis-3.2.jar;D:\tools\repository\org\mockito\mockito-junit-jupiter\4.5.1\mockito-junit-jupiter-4.5.1.jar;D:\tools\repository\org\skyscreamer\jsonassert\1.5.1\jsonassert-1.5.1.jar;D:\tools\repository\com\vaadin\external\google\android-json\0.0.20131108.vaadin1\android-json-0.0.20131108.vaadin1.jar;D:\tools\repository\org\springframework\spring-core\5.3.29\spring-core-5.3.29.jar;D:\tools\repository\org\springframework\spring-jcl\5.3.29\spring-jcl-5.3.29.jar;D:\tools\repository\org\springframework\spring-test\5.3.29\spring-test-5.3.29.jar;D:\tools\repository\org\xmlunit\xmlunit-core\2.9.1\xmlunit-core-2.9.1.jar;D:\tools\repository\com\baomidou\mybatis-plus-boot-starter\3.4.0\mybatis-plus-boot-starter-3.4.0.jar;D:\tools\repository\com\baomidou\mybatis-plus\3.4.0\mybatis-plus-3.4.0.jar;D:\tools\repository\com\baomidou\mybatis-plus-extension\3.4.0\mybatis-plus-extension-3.4.0.jar;D:\tools\repository\com\baomidou\mybatis-plus-core\3.4.0\mybatis-plus-core-3.4.0.jar;D:\tools\repository\com\baomidou\mybatis-plus-annotation\3.4.0\mybatis-plus-annotation-3.4.0.jar;D:\tools\repository\com\github\jsqlparser\jsqlparser\3.2\jsqlparser-3.2.jar;D:\tools\repository\org\springframework\boot\spring-boot-autoconfigure\2.7.15\spring-boot-autoconfigure-2.7.15.jar;D:\tools\repository\com\alibaba\druid\1.0.11\druid-1.0.11.jar;D:\tools\repository\junit\junit\4.12\junit-4.12.jar;D:\tools\repository\org\hamcrest\hamcrest-core\2.2\hamcrest-core-2.2.jar;D:\tools\repository\io\springfox\springfox-spring-web\2.9.2\springfox-spring-web-2.9.2.jar;D:\tools\repository\com\google\guava\guava\20.0\guava-20.0.jar;D:\tools\repository\com\fasterxml\classmate\1.5.1\classmate-1.5.1.jar;D:\tools\repository\org\slf4j\slf4j-api\1.7.36\slf4j-api-1.7.36.jar;D:\tools\repository\org\springframework\plugin\spring-plugin-core\1.2.0.RELEASE\spring-plugin-core-1.2.0.RELEASE.jar;D:\tools\repository\org\springframework\plugin\spring-plugin-metadata\1.2.0.RELEASE\spring-plugin-metadata-1.2.0.RELEASE.jar;D:\tools\repository\io\springfox\springfox-spi\2.9.2\springfox-spi-2.9.2.jar;D:\tools\repository\io\springfox\springfox-core\2.9.2\springfox-core-2.9.2.jar;D:\tools\repository\io\springfox\springfox-swagger2\2.9.2\springfox-swagger2-2.9.2.jar;D:\tools\repository\io\swagger\swagger-annotations\1.5.20\swagger-annotations-1.5.20.jar;D:\tools\repository\io\swagger\swagger-models\1.5.20\swagger-models-1.5.20.jar;D:\tools\repository\com\fasterxml\jackson\core\jackson-annotations\2.13.5\jackson-annotations-2.13.5.jar;D:\tools\repository\io\springfox\springfox-schema\2.9.2\springfox-schema-2.9.2.jar;D:\tools\repository\io\springfox\springfox-swagger-common\2.9.2\springfox-swagger-common-2.9.2.jar;D:\tools\repository\org\mapstruct\mapstruct\1.2.0.Final\mapstruct-1.2.0.Final.jar;D:\tools\repository\io\springfox\springfox-swagger-ui\2.9.2\springfox-swagger-ui-2.9.2.jar;"/>
    <property name="sun.cpu.endian" value="little"/>
    <property name="user.home" value="C:\Users\zyc"/>
    <property name="user.language" value="zh"/>
    <property name="java.specification.vendor" value="Oracle Corporation"/>
    <property name="java.version.date" value="2023-01-17"/>
    <property name="java.home" value="D:\JAVA\JDK11"/>
    <property name="file.separator" value="\"/>
    <property name="basedir" value="D:\project\data_annotation\dataAnnotation"/>
    <property name="java.vm.compressedOopsMode" value="Zero based"/>
    <property name="line.separator" value="&#10;"/>
    <property name="java.specification.name" value="Java Platform API Specification"/>
    <property name="java.vm.specification.vendor" value="Oracle Corporation"/>
    <property name="java.awt.graphicsenv" value="sun.awt.Win32GraphicsEnvironment"/>
    <property name="surefire.real.class.path" value="C:\Users\zyc\AppData\Local\Temp\surefire6021434072780168544\surefirebooter4960189355607728301.jar"/>
    <property name="user.script" value=""/>
    <property name="sun.management.compiler" value="HotSpot 64-Bit Tiered Compilers"/>
    <property name="java.runtime.version" value="11.0.18+9-LTS-195"/>
    <property name="user.name" value="zyc"/>
    <property name="path.separator" value=";"/>
    <property name="os.version" value="10.0"/>
    <property name="java.runtime.name" value="Java(TM) SE Runtime Environment"/>
    <property name="file.encoding" value="GBK"/>
    <property name="java.vm.name" value="Java HotSpot(TM) 64-Bit Server VM"/>
    <property name="java.vendor.version" value="18.9"/>
    <property name="localRepository" value="D:\tools\repository"/>
    <property name="java.vendor.url.bug" value="https://bugreport.java.com/bugreport/"/>
    <property name="java.io.tmpdir" value="C:\Users\zyc\AppData\Local\Temp\"/>
    <property name="idea.version" value="2022.2.3"/>
    <property name="java.version" value="11.0.18"/>
    <property name="user.dir" value="D:\project\data_annotation\dataAnnotation"/>
    <property name="os.arch" value="amd64"/>
    <property name="java.vm.specification.name" value="Java Virtual Machine Specification"/>
    <property name="java.awt.printerjob" value="sun.awt.windows.WPrinterJob"/>
    <property name="sun.os.patch.level" value=""/>
    <property name="java.library.path" value="D:\JAVA\JDK11\bin;C:\WINDOWS\Sun\Java\bin;C:\WINDOWS\system32;C:\WINDOWS;D:\JAVA\JDK11\\bin;D:\JAVA\JDK11\\jre\bin;D:\apache-maven-3.8.6\bin;C:\WINDOWS\system32;C:\WINDOWS;C:\WINDOWS\System32\Wbem;C:\WINDOWS\System32\WindowsPowerShell\v1.0\;C:\WINDOWS\System32\OpenSSH\;C:\Program Files (x86)\NetSarang\Xftp 7\;D:\JAVA\JDK11\\JDK8\bin;D:\JAVA\JDK11\\JDK8\jre\bin;D:\apache-maven-3.6.3\bin;D:\mysql-8.0.31-winx64\bin;D:\node.js\;D:\node.js\node_global\;D:\Git\cmd;C:\Program Files\NVIDIA Corporation\NVIDIA NvDLISR;C:\Program Files (x86)\NVIDIA Corporation\PhysX\Common;C:\Users\zyc\AppData\Local\Programs\Python\Python310\Scripts\;C:\Users\zyc\AppData\Local\Programs\Python\Python310\;C:\Users\zyc\AppData\Local\Microsoft\WindowsApps;;D:\Microsoft VS Code\bin;C:\Users\zyc\AppData\Roaming\npm;C:\Program Files\JetBrains\PyCharm 2023.2.1\bin;;."/>
    <property name="java.vendor" value="Oracle Corporation"/>
    <property name="java.vm.info" value="mixed mode"/>
    <property name="java.vm.version" value="11.0.18+9-LTS-195"/>
    <property name="sun.io.unicode.encoding" value="UnicodeLittle"/>
    <property name="maven.repo.local" value="D:\tools\repository"/>
    <property name="java.class.version" value="55.0"/>
  </properties>
  <testcase name="contextLoads" classname="com.zhangyaos.dataannotation.DataAnnotationApplicationTests" time="0.478"/>
</testsuite>